<?xml version="1.0" encoding="UTF-8"?>
<!-- Generated by org.testng.reporters.JUnitReportReporter -->
<testsuite hostname="Kushi" failures="0" tests="1" name="script.ValidMsgSend" time="9.355" errors="0" timestamp="2023-06-28T22:26:08 IST" skipped="0">
  <testcase classname="script.ValidMsgSend" name="sendMsg" time="9.355"/>
  <system-out>
    <![CDATA[Msg Popup displayed successfully]]>
  </system-out>
</testsuite> <!-- script.ValidMsgSend -->
