<?xml version="1.0" encoding="UTF-8"?>
<!-- Generated by org.testng.reporters.JUnitReportReporter -->
<testsuite hostname="Kushi" failures="0" tests="1" name="script.HomePage" time="4.235" errors="0" timestamp="2023-06-27T12:42:09 IST" skipped="0">
  <testcase classname="script.HomePage" name="openHomePage" time="4.235"/>
  <system-out>
    <![CDATA[admin
pointofsale]]>
  </system-out>
</testsuite> <!-- script.HomePage -->
