<?xml version="1.0" encoding="UTF-8"?>
<!-- Generated by org.testng.reporters.JUnitReportReporter -->
<testsuite hostname="Kushi" failures="0" tests="1" name="script.ValidUpdateSupplier" time="10.718" errors="0" timestamp="2023-06-28T22:19:25 IST" skipped="0">
  <testcase classname="script.ValidUpdateSupplier" name="updateSupplierInfo" time="10.718"/>
  <system-out>
    <![CDATA[Update Popup is Displayed
Phone Icon displayed successfully]]>
  </system-out>
</testsuite> <!-- script.ValidUpdateSupplier -->
