<?xml version="1.0" encoding="UTF-8"?>
<!-- Generated by org.testng.reporters.JUnitReportReporter -->
<testsuite hostname="Kushi" failures="0" tests="1" name="script.ValidNewSupplierAdd" time="7.990" errors="0" timestamp="2023-06-28T22:19:25 IST" skipped="0">
  <testcase classname="script.ValidNewSupplierAdd" name="testValidNewSupplierAddition" time="7.990"/>
  <system-out>
    <![CDATA[admin
pointofsale
SB55345
New Supplier added success msg is Displayed]]>
  </system-out>
</testsuite> <!-- script.ValidNewSupplierAdd -->
