<?xml version="1.0" encoding="UTF-8"?>
<!-- Generated by org.testng.reporters.JUnitReportReporter -->
<testsuite hostname="Kushi" failures="0" tests="1" name="script.ValidLogOut" time="26.028" errors="0" timestamp="2023-06-28T22:06:53 IST" skipped="0">
  <testcase classname="script.ValidLogOut" name="validateLogout" time="26.028"/>
  <system-out>
    <![CDATA[Login Page is not displayed]]>
  </system-out>
</testsuite> <!-- script.ValidLogOut -->
