<?xml version="1.0" encoding="UTF-8"?>
<!-- Generated by org.testng.reporters.JUnitReportReporter -->
<testsuite hostname="Kushi" failures="0" tests="1" name="script.ValidLogin" time="6.795" errors="0" timestamp="2023-06-28T22:19:25 IST" skipped="0">
  <testcase classname="script.ValidLogin" name="testValidLogin" time="6.795"/>
  <system-out>
    <![CDATA[admin
pointofsale
HomePage is Displayed]]>
  </system-out>
</testsuite> <!-- script.ValidLogin -->
