<?xml version="1.0" encoding="UTF-8"?>
<!-- Generated by org.testng.reporters.JUnitReportReporter -->
<testsuite hostname="Kushi" failures="0" tests="1" name="script.InvalidLogin" time="3.849" errors="0" timestamp="2023-06-28T22:19:25 IST" skipped="0">
  <testcase classname="script.InvalidLogin" name="testInValidLogin" time="3.849"/>
  <system-out>
    <![CDATA[Err Msg is Displayed]]>
  </system-out>
</testsuite> <!-- script.InvalidLogin -->
